<?xml version="1.0" encoding="UTF-8"?>
<!-- Generated by org.testng.reporters.JUnitReportReporter -->
<testsuite hostname="MacBook-Pro.local" failures="0" tests="1" name="stepdefinitions.SwitchWindows" time="22.390" errors="0" timestamp="2025-07-20T23:03:28 MST" skipped="0">
  <testcase classname="stepdefinitions.SwitchWindows" name="switchWind" time="22.390"/>
</testsuite> <!-- stepdefinitions.SwitchWindows -->
