<?xml version="1.0" encoding="UTF-8"?>
<!-- Generated by org.testng.reporters.JUnitReportReporter -->
<testsuite hostname="MacBook-Pro.local" failures="0" tests="1" name="Project001.MavenProjectExample.DynamicDataHandle" time="7.338" errors="0" timestamp="2025-07-16T20:19:07 MST" skipped="0">
  <testcase classname="Project001.MavenProjectExample.DynamicDataHandle" name="DynamicWebPage" time="7.338"/>
</testsuite> <!-- Project001.MavenProjectExample.DynamicDataHandle -->
