<?xml version="1.0" encoding="UTF-8"?>
<!-- Generated by org.testng.reporters.JUnitReportReporter -->
<testsuite hostname="MacBook-Pro.local" failures="0" tests="1" name="stepdefinitions.MouseOperations" time="4.822" errors="0" timestamp="2025-07-20T23:03:28 MST" skipped="0">
  <testcase classname="stepdefinitions.MouseOperations" name="dragAndDrop" time="4.822"/>
</testsuite> <!-- stepdefinitions.MouseOperations -->
