<?xml version="1.0" encoding="UTF-8"?>
<!-- Generated by org.testng.reporters.JUnitReportReporter -->
<testsuite hostname="MacBook-Pro.local" failures="0" tests="1" name="Project001.MavenProjectExample.DynamicDataHandle" time="10.087" errors="0" timestamp="2025-07-21T00:00:33 MST" skipped="0">
  <testcase classname="Project001.MavenProjectExample.DynamicDataHandle" name="DynamicWebPage" time="10.087"/>
</testsuite> <!-- Project001.MavenProjectExample.DynamicDataHandle -->
