<?xml version="1.0" encoding="UTF-8"?>
<!-- Generated by org.testng.reporters.JUnitReportReporter -->
<testsuite hostname="MacBook-Pro.local" failures="0" tests="1" name="Project001.MavenProjectExample.SwitchWindows" time="7.395" errors="0" timestamp="2025-07-16T22:31:47 MST" skipped="0">
  <testcase classname="Project001.MavenProjectExample.SwitchWindows" name="switchWind" time="7.395"/>
</testsuite> <!-- Project001.MavenProjectExample.SwitchWindows -->
