<?xml version="1.0" encoding="UTF-8"?>
<!-- Generated by org.testng.reporters.JUnitReportReporter -->
<testsuite hostname="MacBook-Pro.local" failures="0" tests="1" name="Project001.MavenProjectExample.DynamicDataHandle" time="8.951" errors="0" timestamp="2025-07-16T22:31:47 MST" skipped="0">
  <testcase classname="Project001.MavenProjectExample.DynamicDataHandle" name="DynamicWebPage" time="8.951"/>
</testsuite> <!-- Project001.MavenProjectExample.DynamicDataHandle -->
